<?xml version="1.0" encoding="UTF-8"?>
<!-- Generated by org.testng.reporters.JUnitXMLReporter -->
<testsuite ignored="0" hostname="SuthejR" failures="0" tests="3" name="Test" time="0.043" errors="0" timestamp="2025-12-31T18:13:58 IST">
  <testcase classname="mavenPractice.MavenPracticeTest" name="mavenPracticeTest" time="0.005"/>
  <testcase classname="githubPractice.GithubPracticeTest" name="githubPracticeTest" time="0.0"/>
  <testcase classname="jenkinsPractice.JenkinsPracticeTest" name="jenkinsPracticeTest" time="0.0"/>
</testsuite> <!-- Test -->
